d:\facultate anul 3\acg\labs\lab06 - waves\lab6 - opengl\gameengine\gameengine\debug\vc141.pdb
d:\facultate anul 3\acg\labs\lab06 - waves\lab6 - opengl\gameengine\gameengine\debug\vc141.idb
d:\facultate anul 3\acg\labs\lab06 - waves\lab6 - opengl\gameengine\gameengine\debug\texture.obj
d:\facultate anul 3\acg\labs\lab06 - waves\lab6 - opengl\gameengine\gameengine\debug\shader.obj
d:\facultate anul 3\acg\labs\lab06 - waves\lab6 - opengl\gameengine\gameengine\debug\mesh.obj
d:\facultate anul 3\acg\labs\lab06 - waves\lab6 - opengl\gameengine\gameengine\debug\meshloaderobj.obj
d:\facultate anul 3\acg\labs\lab06 - waves\lab6 - opengl\gameengine\gameengine\debug\main.obj
d:\facultate anul 3\acg\labs\lab06 - waves\lab6 - opengl\gameengine\gameengine\debug\window.obj
d:\facultate anul 3\acg\labs\lab06 - waves\lab6 - opengl\gameengine\gameengine\debug\camera.obj
d:\facultate anul 3\acg\labs\lab06 - waves\lab6 - opengl\gameengine\debug\gameengine.exe
d:\facultate anul 3\acg\labs\lab06 - waves\lab6 - opengl\gameengine\debug\gameengine.ilk
d:\facultate anul 3\acg\labs\lab06 - waves\lab6 - opengl\gameengine\debug\gameengine.pdb
d:\facultate anul 3\acg\labs\lab06 - waves\lab6 - opengl\gameengine\gameengine\debug\vc140.idb
d:\facultate anul 3\acg\labs\lab06 - waves\lab6 - opengl\gameengine\gameengine\debug\vc140.pdb
d:\facultate anul 3\acg\labs\lab06 - waves\lab6 - opengl\gameengine\gameengine\debug\gameengine.tlog\cl.command.1.tlog
d:\facultate anul 3\acg\labs\lab06 - waves\lab6 - opengl\gameengine\gameengine\debug\gameengine.tlog\cl.read.1.tlog
d:\facultate anul 3\acg\labs\lab06 - waves\lab6 - opengl\gameengine\gameengine\debug\gameengine.tlog\cl.write.1.tlog
d:\facultate anul 3\acg\labs\lab06 - waves\lab6 - opengl\gameengine\gameengine\debug\gameengine.tlog\link.command.1.tlog
d:\facultate anul 3\acg\labs\lab06 - waves\lab6 - opengl\gameengine\gameengine\debug\gameengine.tlog\link.read.1.tlog
d:\facultate anul 3\acg\labs\lab06 - waves\lab6 - opengl\gameengine\gameengine\debug\gameengine.tlog\link.write.1.tlog
